commit d420dae38b5799a3db57a7f31dbe5e15d26bcefe
Author: “wu.xianglan <wu.xianglan@byd.com>
Date:   Fri Jul 14 09:39:11 2017 +0800

    1、更新接收列车追踪消息类
    2、将AOD预留字段设为0

commit c46ab26f7e5fe87b1acc4dd7b3e1a329082ca318
Author: “wu.xianglan <wu.xianglan@byd.com>
Date:   Sat Jul 8 11:03:15 2017 +0800

    1、添加服务发现
    2、添加接收运行调整消息，并处理后重新给AOD发送调整后的区间运行时间

commit 801fe85af5523743b15794c8077deec88a07096f
Merge: e23c27d f3fc6d9
Author: “wu.xianglan <wu.xianglan@byd.com>
Date:   Thu Jul 6 12:02:16 2017 +0800

    Merge branch 'YC01' of ssh://10.5.133.201/project/lrts/ats/serv39-trainruntask into YC01

commit e23c27d18139cb70beaa222706125b2cb90697c7
Author: “wu.xianglan <wu.xianglan@byd.com>
Date:   Thu Jul 6 11:40:45 2017 +0800

    1、列车到站停稳时，添加给客户端发送当前车站站停时间的处理
    2、修改ATS给AOD发送消息的方法：列车到站(不管是否停稳)时，给AOD发(1)当前车站站停时间(2)下一站区间运行时间
    3、修改列车追踪的到站离站Routing-key

commit f3fc6d9f7fd7734fd4edd207036e2ce904e767e8
Author: hehg <hehaigang@byd.com>
Date:   Tue Jul 4 11:54:13 2017 +0800

    [YC01] 修改日志文件输出目录及文件名格式

commit bc82d32129164fc3fc26350106e5ff3d9822a593
Author: “wu.xianglan <wu.xianglan@byd.com>
Date:   Tue Jul 4 08:45:58 2017 +0800

    [YC01] 实现列车按车次时刻表运行
    
commit 79e0c0c868444f9b4801c396dd0d9bcabe20c402
Author: hehg <hehaigang@byd.com>
Date:   Wed Jun 7 11:47:09 2017 +0800

    changed name to serv39-trainruntask.
    
commit e942643fb116e224a1e6cb8554de4d2077c6dd27
Author: hehg <hehaigang@byd.com>
Date:   Wed May 10 16:40:25 2017 +0800

    [serv39-traindepart] first commit.
    
    1. get the trainrungraph's trainnum timetable message then send ato command to vobc.
    2. get the traintrace's train arrive/leave message then send ato command to vobc.
    
commit 7abdd5447a353e74059f9fa868b0c0c66e52cac1
Author: he.haigang <he.haigang@byd.com>
Date:   Sat May 6 14:17:57 2017 +0800

    Revert "[release] first version 0.0.1 released."
    
    This reverts commit b64c7a57243242394cad3ca251e7616fc801cb87.

commit b64c7a57243242394cad3ca251e7616fc801cb87
Author: hehg <hehaigang@byd.com>
Date:   Thu Apr 20 19:47:08 2017 +0800

    [release] first version 0.0.1 released.
    
    defined all packets class from CU transfered between ATS and CI/VOBC/ZC.
    
