commit bc82d32129164fc3fc26350106e5ff3d9822a593
Author: “wu.xianglan <wu.xianglan@byd.com>
Date:   Tue Jul 4 08:45:58 2017 +0800

    [YC01] 实现列车按车次时刻表运行
    
commit 79e0c0c868444f9b4801c396dd0d9bcabe20c402
Author: hehg <hehaigang@byd.com>
Date:   Wed Jun 7 11:47:09 2017 +0800

    changed name to serv39-trainruntask.
    
commit e942643fb116e224a1e6cb8554de4d2077c6dd27
Author: hehg <hehaigang@byd.com>
Date:   Wed May 10 16:40:25 2017 +0800

    [serv39-traindepart] first commit.
    
    1. get the trainrungraph's trainnum timetable message then send ato command to vobc.
    2. get the traintrace's train arrive/leave message then send ato command to vobc.
    
commit 7abdd5447a353e74059f9fa868b0c0c66e52cac1
Author: he.haigang <he.haigang@byd.com>
Date:   Sat May 6 14:17:57 2017 +0800

    Revert "[release] first version 0.0.1 released."
    
    This reverts commit b64c7a57243242394cad3ca251e7616fc801cb87.

commit b64c7a57243242394cad3ca251e7616fc801cb87
Author: hehg <hehaigang@byd.com>
Date:   Thu Apr 20 19:47:08 2017 +0800

    [release] first version 0.0.1 released.
    
    defined all packets class from CU transfered between ATS and CI/VOBC/ZC.
    
